2024-10-31T08:36:08+00:00 DEBUG POST: https://ads.tiktok.com/marketing_api/api/developer/app/create_auto_approve/

{"business_platform":"PROD","smb_id":"tt4b_woocommerce_672341783f703httplocalhostwordpresswp-admin","smb_name":"PROD","redirect_url":"http:\/\/localhost\/wordpress\/wp-admin\/"}
 ajax: no
2024-10-31T08:36:08+00:00 DEBUG Tt4b_Mapi_Class::create_open_source_app: Response: 

HTTP/1.1 200 OK
Content-Type: application/json
X-Tt-Logid: 20241031083811E00FE6A9D85591132E2D,20241031083811E00FE6A9D85591132E2D
Strict-Transport-Security: max-age=31536000; includeSubDomains
Server-Timing: inner; dur=95
x-tt-trace-host: 01443b6056ca8d95e870c1071ffa6f4eabdf7a3113f5471246dadaa41d1197d8217f130cb677a7b610175d28c76acf1fc694352586c0869fd883678888efd67202d45f1e63885f4de89047bebadd3a4897de5ca6c0e4aa7353964ba9626d38acc7
x-tt-trace-id: 00-241031083811E00FE6A9D85591132E2D-684422397E4834D9-00
Server: TLB
Content-Encoding: gzip
Date: Thu, 31 Oct 2024 08:38:13 GMT
Content-Length: 207
X-Cache: TCP_MISS from a27-77-82-134.deploy.akamaitechnologies.com (AkamaiGHost/11.7.0.1-2fb65fbfa7ad4f98bbb706cf20e2b5f6) (-)
Connection: close
Vary: Accept-Encoding
x-tt-trace-tag: id=16;cdn-cache=miss;type=dyn
Server-Timing: cdn-cache; desc=MISS, edge; dur=4, origin; dur=127
X-Origin-Response-Time: 128,27.77.82.134
X-Akamai-Request-ID: 4d11ddb3

{"code":0,"msg":"ok","data":{"app_id":"7431856330819764240","app_secret":"3bed59c9dda3d72c329abd02bce0b7613deaaf66","redirect_uri":"http:\/\/localhost\/wordpress\/wp-admin\/","external_data_key":"00f9e5b8-45d8-40f9-970b-cd659b2204be"}}

2024-10-31T09:24:47+00:00 DEBUG Tt4b_Pixel_Class::inject_initiate_checkout_event: hit InitiateCheckout
2024-10-31T09:24:47+00:00 DEBUG Tt4b_Pixel_Class::inject_initiate_checkout_event: Missing option "access_token"
2024-10-31T09:24:53+00:00 DEBUG Tt4b_Pixel_Class::inject_initiate_checkout_event: hit InitiateCheckout
2024-10-31T09:24:53+00:00 DEBUG Tt4b_Pixel_Class::inject_initiate_checkout_event: Missing option "access_token"
2024-10-31T09:26:44+00:00 DEBUG Tt4b_Pixel_Class::inject_purchase_event: hit Purchase
2024-10-31T09:26:44+00:00 DEBUG Tt4b_Pixel_Class::inject_purchase_event: Missing option "access_token"
2024-10-31T09:28:01+00:00 DEBUG Tt4b_Pixel_Class::inject_purchase_event: hit Purchase
2024-10-31T09:28:01+00:00 DEBUG Tt4b_Pixel_Class::inject_purchase_event: Missing option "access_token"
2024-10-31T09:28:26+00:00 DEBUG Tt4b_Pixel_Class::inject_purchase_event: hit Purchase
2024-10-31T09:28:26+00:00 DEBUG Tt4b_Pixel_Class::inject_purchase_event: Missing option "access_token"
